worker: #0	word: afraid	count: 1
worker: #0	word: and	count: 6
worker: #0	word: anytime	count: 1
worker: #0	word: bad,	count: 1
worker: #0	word: better)	count: 1
worker: #0	word: better	count: 5
worker: #0	word: By	count: 1
worker: #0	word: colder	count: 1
worker: #0	word: cool	count: 1
worker: #0	word: down	count: 1
worker: #0	word: For	count: 1
worker: #0	word: found	count: 1
worker: #0	word: her	count: 6
worker: #0	word: is	count: 1
worker: #0	word: it's	count: 2
worker: #0	word: Jude)	count: 2
worker: #0	word: Jude,	count: 8
worker: #0	word: know	count: 2
worker: #0	word: made	count: 1
worker: #0	word: making	count: 1
worker: #0	word: me	count: 1
worker: #0	word: nah,	count: 86
worker: #0	word: (oh,	count: 1
worker: #0	word: oh!	count: 1
worker: #0	word: on	count: 1
worker: #0	word: (ooh)	count: 1
worker: #0	word: pain,	count: 1
worker: #0	word: sad	count: 3
worker: #0	word: someone	count: 1
worker: #0	word: Take	count: 2
worker: #0	word: to	count: 9
worker: #0	word: waiting	count: 1
worker: #0	word: well	count: 1
worker: #0	word: were	count: 1
worker: #0	word: world	count: 2
worker: #0	word: yeah,	count: 1
worker: #0	word: yeah)	count: 1
worker: #0	word: you,	count: 1
worker: #1	word: And	count: 2
worker: #1	word: begin	count: 3
worker: #1	word: fool	count: 1
worker: #1	word: go	count: 2
worker: #1	word: have	count: 1
worker: #1	word: heart	count: 2
worker: #1	word: hey,	count: 1
worker: #1	word: Hey,	count: 23
worker: #1	word: his	count: 1
worker: #1	word: into	count: 2
worker: #1	word: little	count: 1
worker: #1	word: movement	count: 1
worker: #1	word: Nah,	count: 18
worker: #1	word: perform	count: 1
worker: #1	word: refrain	count: 1
worker: #1	word: Remember	count: 3
worker: #1	word: shoulders	count: 1
worker: #1	word: skin	count: 2
worker: #1	word: song	count: 3
worker: #1	word: under	count: 2
worker: #1	word: upon	count: 1
worker: #1	word: You	count: 2
worker: #1	word: your	count: 6
worker: #1	word: You're	count: 1
worker: #2	word: be	count: 1
worker: #2	word: better,	count: 4
worker: #2	word: carry	count: 1
worker: #2	word: do	count: 1
worker: #2	word: (don't	count: 1
worker: #2	word: in,	count: 1
worker: #2	word: it	count: 13
worker: #2	word: (Jude,	count: 1
worker: #2	word: (Jude)	count: 1
worker: #2	word: Jude	count: 16
worker: #2	word: nah	count: 58
worker: #2	word: need	count: 1
worker: #2	word: now	count: 1
worker: #2	word: out]	count: 1
worker: #2	word: start	count: 2
worker: #2	word: that	count: 2
worker: #2	word: The	count: 2
worker: #2	word: Then	count: 4
worker: #2	word: whoa)	count: 1
worker: #2	word: Who	count: 1
worker: #2	word: with	count: 1
worker: #2	word: (yeah,	count: 1
worker: #2	word: yeah	count: 1
worker: #2	word: you'll	count: 2
worker: #3	word: a	count: 5
worker: #3	word: bad	count: 2
worker: #3	word: better...	count: 1
worker: #3	word: can	count: 2
worker: #3	word: Don't	count: 1
worker: #3	word: don't	count: 5
worker: #3	word: [fade	count: 1
worker: #3	word: feel	count: 1
worker: #3	word: for	count: 1
worker: #3	word: get	count: 2
worker: #3	word: her,	count: 1
worker: #3	word: just	count: 1
worker: #3	word: let	count: 7
worker: #3	word: make	count: 10
worker: #3	word: minute	count: 1
worker: #3	word: out	count: 2
worker: #3	word: plays	count: 1
worker: #3	word: shoulder	count: 1
worker: #3	word: So	count: 1
worker: #3	word: (take	count: 1
worker: #3	word: the	count: 2
worker: #3	word: you	count: 8
