(Tom.Reding,-16)
(JoeHebda,4)
(ImSonyR9,59)
(2.204.244.39,0)
(2.206.195.131,-270)
(Kishan Kumar KD,6)
(Doncram,-70)
(InternetArchiveBot,-18)
(HavelockWilltravel,44)
(Natural RX,-28)
(Tiramisucuzmeura,362)
(CLCStudent,779)
(Tom.Reding,-30)
(Federicparedes,8)
(RubenVerg,253)
(Nicstricsmith,24)
(Narky Blert,16)
(Gjs238,4)
(Ihimutefu,56)
(Saiful Islam Jitu,-19)
(OliverEastwood,377)
(Yeepsi,54)
(Tom.Reding,-46)
(Tolly4bolly,-29)
(AceAlen,17)
(.138.160.151,-1)
(Gråbergs Gråa Sång,641)
(01:8003:8DC6:8D00:6593:6312:A4B6:8AA5,8)
(4.66.86.66,1)
(WhisperToMe,326)
(Doc Strange,447)
(Bohemian Baltimore,-9)
(.253.95.133,-12)
(.118.18.76,112)
(Myasuda,1)
(.141.199.81,168)
(0.17.70.164,10)
(7.37.240.156,51)
(Ihimutefu,113)
(Hodj222,688)
(Dthomsen8,30)
(Gen. Quon,-30)
(ReconditeRodent,50)
(Gjs238,8)
(Stefabud12,79)
(3.176.60.213,106)
(5.49.75.145,24)
(.103.15.190,14)
(0.188.34.128,89)
(Cydebot,56)
(JoeHebda,40)
(INeedSupport,27)
(Wikiacc,240)
(Tom.Reding,-84)
(Sacchisachi,0)
(Lugnuts,-45)
(Magnolia677,-59)
(Ivanvector,540)
(Stephencdickson,127)
(Dwkaminski,84)
(AvicBot,23)
(Dhtgerv,-1)
(Nehme1499,765)
(Ihimutefu,170)
(Jaywardhan009,53)
(.27.66.110,2)
(InternetArchiveBot,1495)
(Shalor (Wiki Ed),384)
(Tom.Reding,-101)
(Wikiacc,241)
(PackMecEng,218)
(.103.15.190,14)
(Tolly4bolly,-33)
(.27.66.110,4)
(05:204:9423:9BF4:0:0:1848:B0A4,5)
(JoeHebda,55)
(The PIPE,1)
(Kishan Kumar KD,8)
(CLCStudent,728)
(.0.88.2,-1)
(Shinealittlelight,396)
(Randfal2,1)
(Gronk Oz,-2)
(Tom.Reding,-108)
(CLCStudent,1686)
(Myasuda,2)
(Gen. Quon,-19)
(Ihimutefu,227)
(InternetArchiveBot,1696)
(Another Conkie Change!,662)
(Winged Blades of Godric,1507)
(Gråbergs Gråa Sång,1282)
(.104.157.234,21)
(01:4900:36AA:37D9:A154:D6C4:F8B2:64A6,1)
(5.49.75.145,48)
(Geo Swan,871)
(Tom.Reding,-124)
(GermanJoe,25)
(Nineteen July,135)
(Kaltii,66)
(Pol098,228)
(BoogieFreeman,-6)
(RegentsPark,-21)
(Penguin7812,211)
(Matt Deres,341)
(.195.195.203,171)
(.211.168.112,150)
(ImageTaggingBot,40)
(09:4063:2102:74FB:0:0:1D16:48A4,49)
(Zanoni,-41)
(Sitush,638)
(Tolly4bolly,-57)
(cwcst,3)
(CLCStudent,1687)
(Pediadoctor,24)
(Tom.Reding,-112)
(ImageTaggingBot,948)
(JoeHebda,61)
(.47.96.147,-20)
(.138.106.1,11)
(Samf4u,139)
(CLCStudent,2620)
(.190.9.203,-1)
(Mmsetzer,65)
(Lugnuts,-4)
(09:4042:2589:DE6B:88D4:B1D4:C762:1CE4,32)
(Tom.Reding,-113)
(Rubbish computer,202)
(.180.132.140,0)
(Goosey10,73)
(Ihimutefu,284)
(LesNick19,-126)
(2.206.195.131,-16)
(Sdrqaz,8)
(JimRenge,-207)
(Tsumikiria,-916)
(Zeecolors,193)
(Dwanyewest,96)
(Jamesp88,99)
(05:204:3486:BDE5:5DF1:1651:7CFF:C3DE,13)
(ArchitectureGrrl,173)
(Nichole Simms,135)
(Elfabet,1)
(Myasuda,3)
(CLCStudent,2618)
(Tom.Reding,-102)
(Arjayay,15)
(CLCStudent,2616)
(8.78.48.88,36)
(Jacopie,1447)
(Sebastian James,425)
(Ceethekreator,154)
(.140.253.170,-14)
(JoeHebda,76)
(.0.88.2,-3277)
(Ihimutefu,341)
(.103.15.190,32)
(Hzh,13)
(2.182.184.31,-1)
(.30.8.21,1)
(01:8003:34AB:3200:D494:8AE3:E0C0:FA22,0)
(Kinkiee1,108)
(David notMD,525)
(Tom.Reding,-115)
(CLCStudent,2790)
(UnitedStatesian,73)
(Tolly4bolly,-73)
(Buaidh,-6)
(.142.130.2,42)
(3.100.131.97,72)
(Mutt Lunker,1)
(Max24,6)
(ImageTaggingBot,988)
(Life of Tau,-8)
(ClueBot NG,-42)
(DatBot,221)
(ImageTaggingBot,1872)
(Bert Niehaus,233)
(Khajidha,258)
(Tom.Reding,-130)
(SachCreation,24)
(Amalthea (bot),7)
(Rudy2alan,9)
(Sphilbrick,80)
(Ihimutefu,397)
(.253.95.133,-12)
(Sphilbrick,4873)
(Terrence Dewar,1595)
(Nicstricsmith,104)
(Opera hat,38)
(SQLBot,0)
(Yevarov,4)
(CLCStudent,6066)
(4.127.24.75,-9)
(Kayteigh,50)
(Tom.Reding,-145)
(Carpetobject,68)
(Pol098,227)
(Gronk Oz,9)
(HavelockWilltravel,44)
(Wikiacc,120)
(IM3847,-2)
(OliverEastwood,311)
(Flibirigit,-3)
(Jaywardhan009,104)
(01:8003:34AB:3200:D494:8AE3:E0C0:FA22,1)
(Narky Blert,43)
(CLCStudent,6969)
(01:4900:36AA:37D9:A154:D6C4:F8B2:64A6,1)
(Tolly4bolly,-112)
(Tom.Reding,-160)
(Dwkaminski,167)
(JoeHebda,80)
(Mutt Lunker,0)
(Beland,179)
(05:A601:A1AA:7A00:A8C5:AE24:2D35:63A3,-361)
(Daddy Lesons,-358)
(Wayne aus,-231)
(8.162.28.62,13)
(Ohnoitsjamie,-16)
(JackintheBox,-89)
(Tom.Reding,-175)
(Echoedmyron,41)
(TheSandDoctor,328)
(Ihimutefu,453)
(Jamiecameron00,23)
(01:4200:5000:FFFD:0:0:0:3,276)
(Winged Blades of Godric,1507)
(OliverEastwood,966)
(Jnestorius,83)
(ImSonyR9,118)
(Tom.Reding,-186)
(Buaidh,-1)
(JackintheBox,1167)
(MridaShivaHara,-72)
(Daddy Lesons,-917)
(Sdrqaz,8)
(Gronk Oz,10)
(InternetArchiveBot,2426)
(JackintheBox,1166)
(01:8003:34AB:3200:D494:8AE3:E0C0:FA22,1)
(Skeptic2,-7)
(JackintheBox,1153)
(JackintheBox,2436)
(REEEE7589,1234)
(Tomarzig,99)
(Tom.Reding,-191)
(Ihimutefu,509)
(Twofingered Typist,-72)
(JackintheBox,2369)
(JoeHebda,86)
(Skartsis,22)
(.27.66.110,2)
(.20.69.225,-18)
(CLCStudent,6956)
(JackintheBox,3669)
(Zefr,-936)
(JackintheBox,4966)
(Gjs238,199)
(.7.235.55,-270)
(Federicparedes,24)
(GermanJoe,993)
(Comeonduckling,38)
(Sokrates2987,6)
(Dthomsen8,37)
(2.213.221.139,-2)
(Tom.Reding,-206)
(CLCStudent,7883)
(Jacona,-141)
(Kayteigh,139)
(Opera hat,71)
(ListeriaBot,12519)
(Danish Ranger,71)
(8.184.102.163,27)
(.103.15.190,50)
(UnitedStatesian,131)
(Tom.Reding,-213)
(Ihimutefu,566)
(.39.228.26,39)
(.253.95.133,-12)
(FireBlade708,0)
(IAmTheNeil,56)
(Lugnuts,35)
(9.204.56.212,1)
(Nissimnanach,287)
(Gronk Oz,11)
(JackintheBox,4945)
(CLCStudent,7885)
(Knowledgekid87,148)
(AJ2265,1)
(Flibirigit,-5)
(DeltaQuadBot,-2)
(Federicparedes,20)
(FiveFaintFootprints,10)
(QEDK,235)
(JackintheBox,6189)
(Tom.Reding,-226)
(Ivanvector,449)
(P199,208)
(8.179.4.253,16)
(Gen. Quon,58)
(Fylindfotberserk,1)
(Ihimutefu,623)
(GSheldon,91)
(Hzh,-15)
(Tom.Reding,-239)
(01:8003:34AB:3200:D494:8AE3:E0C0:FA22,1)
(05:204:6295:234A:9EB4:B1B6:C8F5:CC70,9)
(Derek R Bullamore,143)
(Opera hat,38)
(Gronk Oz,7)
(JackintheBox,6207)
(7.37.240.156,102)
(Hiranyawijesekara,88)
(5.49.75.145,98)
(JackintheBox,8970)
(Ericthearcher,360)
(JackintheBox,9678)
(InternetArchiveBot,2727)
(JackintheBox,9647)
(Jamiecameron00,39)
(Tom.Reding,-255)
(02:3A80:53E:F345:2769:3CDB:619D:226C,101)
(5.225.80.94,18)
(PKT,25)
(Tsumikiria,-912)
(Federicparedes,20)
(Kishan Kumar KD,39)
(Kayteigh,180)
(3.209.164.56,-13)
(JackintheBox,9950)
(Tom.Reding,-271)
(Cyberbot I,0)
(Ihimutefu,679)
(LouisAlain,2217)
(.103.15.190,66)
(Fylindfotberserk,-11)
(Narky Blert,129)
(Tom.Reding,-286)
(JimRenge,909)
(FiveFaintFootprints,6)
(Matheus Jampa da Silva,44)
(Jayzlimno,1122)
(Pokelova,60)
(FloridaArmy,16)
(JackintheBox,9934)
(JustinTime55,0)
(Lugubrious DBB,34)
(Tom.Reding,-299)
(Kayteigh,225)
(MatthewHoobin,-3984)
(1.126.43.228,-3)
(Frietjes,793)
(Capankajsmilyo,725)
(Bert Niehaus,255)
(JackintheBox,10852)
(.219.31.112,80)
(JackintheBox,10801)
(InternetArchiveBot,2919)
(.106.216.29,262)
(Sullay,-24)
(Dthomsen8,94)
(Kinkiee1,356)
(.237.239.119,278)
(Buaidh,-4)
(Kayteigh,267)
(JackintheBox,11739)
(01:444:8380:35E0:D943:34DE:ECD8:7732,23)
(Opera hat,5)
(Ihimutefu,735)
(InsaneHacker,152)
(WhisperToMe,444)
(Ivanvector,625)
(cwcst,17)
(Tom.Reding,-310)
(Rubbish computer,433)
(Fettlemap,18)
(TheMoldovanRocket,312)
(SlytherinHaus,1343)
(Twofingered Typist,-72)
(Youngbabushka,-57)
(8.78.48.88,36)
(Lugnuts,101)
(Tom.Reding,-325)
(.27.66.110,3)
(Ihimutefu,791)
(Elfabet,2)
(Capankajsmilyo,732)
(Daddy Lesons,-922)
(Impru20,935)
(Quiopa,-31)
(JackintheBox,11721)
(Mztourist,3)
(Carpetobject,137)
(Tom.Reding,-340)
(Demo36710,-2)
(JackintheBox,12653)
(Dthomsen8,96)
(Benjichilders,-39)
(Iamvardhana,-23)
(0.17.70.164,19)
(STATicVapor,-24)
(AJ2265,0)
(RubenVerg,416)
(Jaywardhan009,164)
(PCock,-11)
(LoggoL,40)
(.253.95.133,7)
(.45.225.98,38)
(Derek R Bullamore,173)
(.56.13.116,-131)
(Jamiecameron00,47)
(Cyberbot I,-22)
(Ihimutefu,848)
(Kayteigh,335)
(Hiranyawijesekara,72)
(01:8003:34AB:3200:D494:8AE3:E0C0:FA22,1)
(OliverEastwood,957)
(Tom.Reding,-354)
(ClueBot NG,-80)
(RMCD bot,-278)
(.91.204.11,32)
(ClueBot NG,1215)
(RMCD bot,-557)
(InternetArchiveBot,3074)
(RMCD bot,-694)
(Kishan Kumar KD,39)
(RMCD bot,-873)
(Federicparedes,46)
(Shanella12345,29)
(Liverpoolpics,18)
(OliverEastwood,2024)
(LearyTheSquid,3)
(JackintheBox,12564)
(CASSIOPEIA,-1)
(.41.98.110,-1090)
(Gjs238,295)
(Tom.Reding,-369)
(RMCD bot,-1010)
(JackintheBox,13496)
(Jamgoodman,524)
(Zeecolors,433)
(01:240:E500:2B10:CD38:3C60:6B8A:463,2)
(InternetArchiveBot,3507)
(Dwkaminski,251)
(Ihimutefu,904)
(Tom.Reding,-384)
(Pigsonthewing,94)
(Deanlaw,32)
(.103.15.190,66)
(01:8003:34AB:3200:D494:8AE3:E0C0:FA22,1)
(Arjayay,16)
(Echoedmyron,-19)
(1.229.185.137,0)
(MichaelTheSlav,8)
(Bibhuti N Singh,119)
(AfroThundr3007730,1669)
(Sokrates2987,18)
