(Tom.Reding,-16)
(JoeHebda,4)
(ImSonyR9,59)
(2.204.244.39,0)
(2.206.195.131,-270)
(Kishan Kumar KD,6)
(Doncram,-70)
(InternetArchiveBot,-18)
(HavelockWilltravel,44)
(Natural RX,-28)
(Tiramisucuzmeura,362)
(CLCStudent,779)
(Tom.Reding,-30)
(Federicparedes,8)
(RubenVerg,253)
(Nicstricsmith,24)
(Narky Blert,16)
(Gjs238,4)
(Ihimutefu,56)
(Saiful Islam Jitu,-19)
(OliverEastwood,377)
(Yeepsi,54)
(Tom.Reding,-46)
(Tolly4bolly,-29)
(AceAlen,17)
(.138.160.151,-1)
(Gråbergs Gråa Sång,641)
(01:8003:8DC6:8D00:6593:6312:A4B6:8AA5,8)
(4.66.86.66,1)
(WhisperToMe,326)
(Doc Strange,447)
(Bohemian Baltimore,-9)
(.253.95.133,-12)
(.118.18.76,112)
(Myasuda,1)
(.141.199.81,168)
(0.17.70.164,10)
(7.37.240.156,51)
(Ihimutefu,113)
(Hodj222,688)
(Dthomsen8,30)
(Gen. Quon,-30)
(ReconditeRodent,50)
(Gjs238,8)
(Stefabud12,79)
(3.176.60.213,106)
(5.49.75.145,24)
(.103.15.190,14)
(0.188.34.128,89)
(Cydebot,56)
(JoeHebda,40)
(INeedSupport,27)
(Wikiacc,240)
(Tom.Reding,-84)
(Sacchisachi,0)
(Lugnuts,-45)
(Magnolia677,-59)
(Ivanvector,540)
(Stephencdickson,127)
(Dwkaminski,84)
(AvicBot,23)
(Dhtgerv,-1)
(Nehme1499,765)
(Ihimutefu,170)
(Jaywardhan009,53)
(.27.66.110,2)
(InternetArchiveBot,1495)
(Shalor (Wiki Ed),384)
(Tom.Reding,-101)
(Wikiacc,241)
(PackMecEng,218)
(.103.15.190,14)
(Tolly4bolly,-33)
(.27.66.110,4)
(05:204:9423:9BF4:0:0:1848:B0A4,5)
(JoeHebda,55)
(The PIPE,1)
(Kishan Kumar KD,8)
(CLCStudent,728)
(.0.88.2,-1)
(Shinealittlelight,396)
(Randfal2,1)
(Gronk Oz,-2)
(Tom.Reding,-108)
(CLCStudent,1686)
(Myasuda,2)
(Gen. Quon,-19)
(Ihimutefu,227)
(InternetArchiveBot,1696)
(Another Conkie Change!,662)
(Winged Blades of Godric,1507)
(Gråbergs Gråa Sång,1282)
(.104.157.234,21)
(01:4900:36AA:37D9:A154:D6C4:F8B2:64A6,1)
(5.49.75.145,48)
(Geo Swan,871)
(Tom.Reding,-124)
(GermanJoe,25)
(Nineteen July,135)
(Kaltii,66)
(Pol098,228)
(BoogieFreeman,-6)
(RegentsPark,-21)
(Penguin7812,211)
(Matt Deres,341)
(.195.195.203,171)
(.211.168.112,150)
(ImageTaggingBot,40)
(09:4063:2102:74FB:0:0:1D16:48A4,49)
(Zanoni,-41)
(Sitush,638)
(Tolly4bolly,-57)
(cwcst,3)
(CLCStudent,1687)
(Pediadoctor,24)
(Tom.Reding,-112)
(ImageTaggingBot,948)
(JoeHebda,61)
(.47.96.147,-20)
(.138.106.1,11)
(Samf4u,139)
(CLCStudent,2620)
(.190.9.203,-1)
(Mmsetzer,65)
(Lugnuts,-4)
(09:4042:2589:DE6B:88D4:B1D4:C762:1CE4,32)
(Tom.Reding,-113)
(Rubbish computer,202)
(.180.132.140,0)
(Goosey10,73)
(Ihimutefu,284)
(LesNick19,-126)
(2.206.195.131,-16)
(Sdrqaz,8)
(JimRenge,-207)
(Tsumikiria,-916)
(Zeecolors,193)
(Dwanyewest,96)
(Jamesp88,99)
(05:204:3486:BDE5:5DF1:1651:7CFF:C3DE,13)
(ArchitectureGrrl,173)
(Nichole Simms,135)
(Elfabet,1)
(Myasuda,3)
(CLCStudent,2618)
(Tom.Reding,-102)
(Arjayay,15)
(CLCStudent,2616)
(8.78.48.88,36)
(Jacopie,1447)
(Sebastian James,425)
(Ceethekreator,154)
(.140.253.170,-14)
(JoeHebda,76)
(.0.88.2,-3277)
(Ihimutefu,341)
(.103.15.190,32)
(Hzh,13)
(2.182.184.31,-1)
(.30.8.21,1)
(01:8003:34AB:3200:D494:8AE3:E0C0:FA22,0)
(Kinkiee1,108)
(David notMD,525)
(Tom.Reding,-115)
(CLCStudent,2790)
(UnitedStatesian,73)
(Tolly4bolly,-73)
(Buaidh,-6)
(.142.130.2,42)
(3.100.131.97,72)
(Mutt Lunker,1)
(Max24,6)
(ImageTaggingBot,988)
(Life of Tau,-8)
(ClueBot NG,-42)
(DatBot,221)
(ImageTaggingBot,1872)
(Bert Niehaus,233)
(Khajidha,258)
(Tom.Reding,-130)
(SachCreation,24)
(Amalthea (bot),7)
(Rudy2alan,9)
(Sphilbrick,80)
(Ihimutefu,397)
(.253.95.133,-12)
(Sphilbrick,4873)
(Terrence Dewar,1595)
(Nicstricsmith,104)
(Opera hat,38)
(SQLBot,0)
(Yevarov,4)
(CLCStudent,6066)
(4.127.24.75,-9)
(Kayteigh,50)
(Tom.Reding,-145)
(Carpetobject,68)
(Pol098,227)
(Gronk Oz,9)
(HavelockWilltravel,44)
(Wikiacc,120)
(IM3847,-2)
(OliverEastwood,311)
(Flibirigit,-3)
(Jaywardhan009,104)
(01:8003:34AB:3200:D494:8AE3:E0C0:FA22,1)
(Narky Blert,43)
(CLCStudent,6969)
(01:4900:36AA:37D9:A154:D6C4:F8B2:64A6,1)
(Tolly4bolly,-112)
(Tom.Reding,-160)
(Dwkaminski,167)
(JoeHebda,80)
(Mutt Lunker,0)
(Beland,179)
(05:A601:A1AA:7A00:A8C5:AE24:2D35:63A3,-361)
(Daddy Lesons,-358)
(Wayne aus,-231)
(8.162.28.62,13)
(Ohnoitsjamie,-16)
(JackintheBox,-89)
(Tom.Reding,-175)
(Echoedmyron,41)
(TheSandDoctor,328)
(Ihimutefu,453)
(Jamiecameron00,23)
(01:4200:5000:FFFD:0:0:0:3,276)
(Winged Blades of Godric,1507)
(OliverEastwood,966)
(Jnestorius,83)
(ImSonyR9,118)
(Tom.Reding,-186)
(Buaidh,-1)
(JackintheBox,1167)
(MridaShivaHara,-72)
(Daddy Lesons,-917)
(Sdrqaz,8)
(Gronk Oz,10)
(InternetArchiveBot,2426)
(JackintheBox,1166)
(01:8003:34AB:3200:D494:8AE3:E0C0:FA22,1)
(Skeptic2,-7)
(JackintheBox,1153)
(JackintheBox,2436)
(REEEE7589,1234)
(Tomarzig,99)
(Tom.Reding,-191)
(Ihimutefu,509)
(Twofingered Typist,-72)
(JackintheBox,2369)
(JoeHebda,86)
(Skartsis,22)
(.27.66.110,2)
(.20.69.225,-18)
(CLCStudent,6956)
(JackintheBox,3669)
(Zefr,-936)
(JackintheBox,4966)
(Gjs238,199)
(.7.235.55,-270)
(Federicparedes,24)
(GermanJoe,993)
(Comeonduckling,38)
(Sokrates2987,6)
(Dthomsen8,37)
(2.213.221.139,-2)
(Tom.Reding,-206)
(CLCStudent,7883)
(Jacona,-141)
(Kayteigh,139)
(Opera hat,71)
(ListeriaBot,12519)
(Danish Ranger,71)
(8.184.102.163,27)
(.103.15.190,50)
(UnitedStatesian,131)
(Tom.Reding,-213)
(Ihimutefu,566)
(.39.228.26,39)
(.253.95.133,-12)
(FireBlade708,0)
(IAmTheNeil,56)
(Lugnuts,35)
(9.204.56.212,1)
(Nissimnanach,287)
(Gronk Oz,11)
(JackintheBox,4945)
(CLCStudent,7885)
(Knowledgekid87,148)
(AJ2265,1)
(Flibirigit,-5)
(DeltaQuadBot,-2)
(Federicparedes,20)
(FiveFaintFootprints,10)
(QEDK,235)
(JackintheBox,6189)
(Tom.Reding,-226)
(Ivanvector,449)
(P199,208)
(8.179.4.253,16)
(Gen. Quon,58)
(Fylindfotberserk,1)
(Ihimutefu,623)
(GSheldon,91)
(Hzh,-15)
(Tom.Reding,-239)
(01:8003:34AB:3200:D494:8AE3:E0C0:FA22,1)
(05:204:6295:234A:9EB4:B1B6:C8F5:CC70,9)
(Derek R Bullamore,143)
(Opera hat,38)
(Gronk Oz,7)
(JackintheBox,6207)
(7.37.240.156,102)
(Hiranyawijesekara,88)
(5.49.75.145,98)
(JackintheBox,8970)
(Ericthearcher,360)
(JackintheBox,9678)
(InternetArchiveBot,2727)
(JackintheBox,9647)
(Jamiecameron00,39)
(Tom.Reding,-255)
(02:3A80:53E:F345:2769:3CDB:619D:226C,101)
(5.225.80.94,18)
(PKT,25)
(Tsumikiria,-912)
(Federicparedes,20)
(Kishan Kumar KD,39)
(Kayteigh,180)
(3.209.164.56,-13)
(JackintheBox,9950)
(Tom.Reding,-271)
(Cyberbot I,0)
(Ihimutefu,679)
(LouisAlain,2217)
(.103.15.190,66)
(Fylindfotberserk,-11)
(Narky Blert,129)
(Tom.Reding,-286)
(JimRenge,909)
(FiveFaintFootprints,6)
(Matheus Jampa da Silva,44)
(Jayzlimno,1122)
(Pokelova,60)
(FloridaArmy,16)
(JackintheBox,9934)
(JustinTime55,0)
(Lugubrious DBB,34)
(Tom.Reding,-299)
(Kayteigh,225)
(MatthewHoobin,-3984)
(1.126.43.228,-3)
(Frietjes,793)
(Capankajsmilyo,725)
(Bert Niehaus,255)
(JackintheBox,10852)
(.219.31.112,80)
(JackintheBox,10801)
(InternetArchiveBot,2919)
(.106.216.29,262)
(Sullay,-24)
(Dthomsen8,94)
(Kinkiee1,356)
(.237.239.119,278)
(Buaidh,-4)
(Kayteigh,267)
(JackintheBox,11739)
(01:444:8380:35E0:D943:34DE:ECD8:7732,23)
(Opera hat,5)
(Ihimutefu,735)
(InsaneHacker,152)
(WhisperToMe,444)
(Ivanvector,625)
(cwcst,17)
(Tom.Reding,-310)
(Rubbish computer,433)
(Fettlemap,18)
(TheMoldovanRocket,312)
(SlytherinHaus,1343)
(Twofingered Typist,-72)
(Youngbabushka,-57)
(8.78.48.88,36)
(Lugnuts,101)
(Tom.Reding,-325)
(.27.66.110,3)
(Ihimutefu,791)
(Elfabet,2)
(Capankajsmilyo,732)
(Daddy Lesons,-922)
(Impru20,935)
(Quiopa,-31)
(JackintheBox,11721)
(Mztourist,3)
(Carpetobject,137)
(Tom.Reding,-340)
(Demo36710,-2)
(JackintheBox,12653)
(Dthomsen8,96)
(Benjichilders,-39)
(Iamvardhana,-23)
(0.17.70.164,19)
(STATicVapor,-24)
(AJ2265,0)
(RubenVerg,416)
(Jaywardhan009,164)
(PCock,-11)
(LoggoL,40)
(.253.95.133,7)
(.45.225.98,38)
(Derek R Bullamore,173)
(.56.13.116,-131)
(Jamiecameron00,47)
(Cyberbot I,-22)
(Ihimutefu,848)
(Kayteigh,335)
(Hiranyawijesekara,72)
(01:8003:34AB:3200:D494:8AE3:E0C0:FA22,1)
(OliverEastwood,957)
(Tom.Reding,-354)
(ClueBot NG,-80)
(RMCD bot,-278)
(.91.204.11,32)
(ClueBot NG,1215)
(RMCD bot,-557)
(InternetArchiveBot,3074)
(RMCD bot,-694)
(Kishan Kumar KD,39)
(RMCD bot,-873)
(Federicparedes,46)
(Shanella12345,29)
(Liverpoolpics,18)
(OliverEastwood,2024)
(LearyTheSquid,3)
(JackintheBox,12564)
(CASSIOPEIA,-1)
(.41.98.110,-1090)
(Gjs238,295)
(Tom.Reding,-369)
(RMCD bot,-1010)
(JackintheBox,13496)
(Jamgoodman,524)
(Zeecolors,433)
(01:240:E500:2B10:CD38:3C60:6B8A:463,2)
(InternetArchiveBot,3507)
(Dwkaminski,251)
(Ihimutefu,904)
(Tom.Reding,-384)
(Pigsonthewing,94)
(Deanlaw,32)
(.103.15.190,66)
(01:8003:34AB:3200:D494:8AE3:E0C0:FA22,1)
(Arjayay,16)
(Echoedmyron,-19)
(1.229.185.137,0)
(MichaelTheSlav,8)
(Bibhuti N Singh,119)
(AfroThundr3007730,1669)
(Sokrates2987,18)
(.7.229.178,-24)
(6.221.66.18,93)
(Randy55161,19)
(WestportWiki,614)
(TMProofreader,1)
(Max24,6)
(Tom.Reding,-399)
(0.17.70.164,12)
(Jamiecameron00,53)
(Terrence Dewar,1737)
(7.158.88.114,4)
(7.155.32.221,504)
(Rfl0216,104)
(LizardLizardLizard,95)
(4.245.110.188,10)
(Mikepeat,306)
(Randy55161,64)
(DH85868993,-6)
(Tom.Reding,-415)
(Gronk Oz,6)
(Ihimutefu,943)
(7.73.137.151,95)
(InternetArchiveBot,3679)
(03:3005:A03:3A00:C2C:8BE:F21C:CE69,-4)
(Shirebritney,333)
(SP17,121)
(Sdrqaz,8)
(01:8003:34AB:3200:D494:8AE3:E0C0:FA22,1)
(0.17.47.58,-2)
(Jayjg,765)
(.91.204.11,32)
(Salubrious Toxin,-29)
(Bert Niehaus,308)
(Tom.Reding,-430)
(MaoGo,-101)
(.216.182.222,-445)
(Pacingpal,11)
(DH85868993,0)
(5.120.192.6,55)
(Tom.Reding,-446)
(OliverEastwood,2155)
(Piotrus,331)
(Ihimutefu,982)
(Liverpoolpics,54)
(Kishan Kumar KD,46)
(OliverEastwood,3186)
(Opera hat,-28)
(0.188.34.128,171)
(.70.9.122,80)
(.253.95.133,7)
(.103.15.190,130)
(2.110.88.215,53)
(01:8003:34AB:3200:D494:8AE3:E0C0:FA22,1)
(3.207.159.13,-138)
(Kayteigh,367)
(Nakamuradavid,55)
(Flyer22 Reborn,-106)
(Tom.Reding,-455)
(Hzh,-13)
(Shiruba98,5)
(Sebastian James,703)
(cwcst,14)
(Mn1548,130)
(Ihimutefu,1021)
(TheDutchViewer,972)
(Nicstricsmith,107)
(Jérôme,1)
(01:8003:34AB:3200:D494:8AE3:E0C0:FA22,1)
(Buaidh,-24)
(BD2412,67)
(Pauli133,-344)
(JackintheBox,13486)
(Ymblanter,-31)
(Xufanc,5)
(Tom.Reding,-471)
(3.67.157.138,34)
(KeinezG,-73)
(Rfl0216,133)
(03:3005:A03:3A00:C2C:8BE:F21C:CE69,-5)
(CLCStudent,8836)
(Adrienne222,22)
(Icewhiz,537)
(ImSonyR9,231)
(JackintheBox,13488)
(Starship.paint,310)
(05:A601:A1AA:7A00:A8C5:AE24:2D35:63A3,-393)
(JackintheBox,13486)
(7.156.64.247,129)
(Nicstricsmith,104)
(JackintheBox,14400)
(.139.180.234,62)
(GSheldon,137)
(Gjs238,475)
(2.139.255.241,53)
(Ymblanter,-64)
(Peter I. Vardy,1093)
(JackintheBox,15691)
(JackintheBox,16985)
(Tom.Reding,-482)
(Kishan Kumar KD,6)
(Maxen Embry,331)
(RubenVerg,534)
(Pigsonthewing,94)
(Ohnoitsjamie,-29)
(Ymblanter,-100)
(Verbosmithie,698)
(01:18C:504:311D:11EF:98A3:8437:EC0B,123)
(Ihimutefu,1060)
(.103.15.190,194)
(Kayteigh,435)
(TMProofreader,-7)
(Tom.Reding,-497)
(Shiruba98,5)
(Ymblanter,-143)
(Jaywardhan009,252)
(Demo36710,4)
(Smashfanful,2674)
(Junhao1997,-12)
(04:7F1:4381:B51B:8179:D5B8:9842:8F5E,327)
(Austronesier,922)
(Winged Blades of Godric,1842)
(Tom.Reding,-508)
(Ymblanter,-185)
(Jacona,-449)
(5.193.226.169,0)
(Denismattos,-3)
(Sokrates2987,-94)
(JackintheBox,16903)
(Sererurged,16)
(Sitush,1027)
(Zeecolors,722)
(Buaidh,-6)
(Tomarzig,127)
(Ymblanter,-205)
(WhisperToMe,542)
(Lugubrious DBB,4)
(August-54,701)
(Orion 2012,190)
(AJ2265,-159)
(PKT,27)
(.27.66.110,1)
(Tom.Reding,-524)
(Dthomsen8,99)
(AmericanAir88,-2)
(JackintheBox,17807)
(Ihimutefu,1099)
(05:205:32A2:FB1A:BD38:A165:ECBE:4D8D,34)
(.106.216.29,266)
(Curdle,-95)
(.45.225.98,76)
(Max24,12)
(JackintheBox,17754)
(LoggoL,58)
(.175.195.118,67)
(Tom.Reding,-539)
(Revan Ganpat Vishwakarma,371)
(STATicVapor,-140)
(JackintheBox,17625)
(BD2412,67)
(CLCStudent,8838)
(OliverEastwood,3124)
(JackintheBox,17572)
(01:283:C201:78D0:86C0:EFFF:FE1C:3876,2)
(Shabidoo,6)
(Jenish Ratanpara,94)
(Capankajsmilyo,768)
(.103.15.190,258)
(Tom.Reding,-554)
(Jaywardhan009,301)
(Doremo,28)
(Ihimutefu,1138)
(2.219.118.140,8)
(Ralph sanelope,135)
(Oranjelo100,39)
(3.100.131.97,128)
(Quiopa,-241)
(JHunterJ,-7)
(Zanoni,-8)
(Ndukweeca,240)
(JackintheBox,18496)
(Surtsicna,-537)
(JackintheBox,19739)
(Drbogdan,13)
(Nakamuradavid,54)
(A01:CB00:19:5C00:41D3:CDA7:80B1:9EA6,1)
(3.181.28.49,-6)
(Tom.Reding,-565)
(01:8003:34AB:3200:D494:8AE3:E0C0:FA22,1)
(JackintheBox,19734)
(Skyblueshaun,2255)
(STATicVapor,390)
(JackintheBox,21086)
(.72.206.245,-2)
(Capankajsmilyo,804)
(05:205:32A2:FB1A:BD38:A165:ECBE:4D8D,36)
(Demo36710,4)
(Jamgoodman,539)
(.118.18.76,166)
(Fettlemap,101)
(ListeriaBot,12503)
(Ihimutefu,1177)
(Gjs238,478)
(Terrence Dewar,1768)
(Yachty4000,135)
(Pauli133,-319)
(Spinal83,2100)
(Tom.Reding,-579)
(GermanJoe,974)
(Lugubrious DBB,3)
(Sererurged,2)
(JackintheBox,21048)
(Rfl0216,268)
(JackintheBox,22317)
(Romanbow135,0)
(.253.95.133,7)
(01:8003:34AB:3200:D494:8AE3:E0C0:FA22,2)
(Life of Tau,-50)
(.123.125.65,46)
(Kayteigh,473)
(Ihimutefu,1216)
(Surtsicna,-679)
(Fayenatic london,75)
(CAWylie,-1)
(Wayne aus,-231)
(Gibranalnn,91)
(Hiranyawijesekara,97)
(King George Blueberry Puff,64)
(Wira rhea,513)
(Noobmaster6nine,73)
(Cyberbot I,-22)
(ClueBot NG,1142)
(Rfl0216,268)
(ClueBot NG,2452)
(Ihimutefu,1255)
(InternetArchiveBot,4124)
(InternetArchiveBot,4240)
(Shirebritney,364)
(9.208.239.140,-12)
(InternetArchiveBot,4380)
(Jts1882,2555)
(Dutchy85,450)
(Leschnei,-17)
(Fylindfotberserk,101)
(Geo Swan,1271)
(03:3005:A03:3A00:C2C:8BE:F21C:CE69,-6)
(PCock,1990)
(7.33.21.243,-59)
(SpyroeBM,27)
(OliverEastwood,4081)
(.189.139.242,-1)
(Gdytor,11)
(Gråbergs Gråa Sång,1637)
(Mn1548,138)
(Kvng,10)
(Arjayay,-245)
(Ihimutefu,1294)
(Elfabet,-16)
(AvicBot,55)
(Bkissin,78)
(.91.204.11,33)
(Kishan Kumar KD,6)
(Lonniemitchell22,-143)
(Parsecboy,823)
(Gdr,39)
(Flyer22 Reborn,-131)
(Jal11497,384)
(ListeriaBot,15965)
(.134.147.100,122)
(Ssilvers,0)
(Kaizenify,-22)
(Gibranalnn,91)
(.7.235.55,-323)
(Ihimutefu,1333)
(Mztourist,12)
(Rfl0216,288)
(Benjichilders,39)
(Gronk Oz,118)
(M R Karim Reza,29)
(BD2412,61)
(Salubrious Toxin,-25)
(Trillfendi,293)
(PCock,4126)
(PCock,6271)
(JackintheBox,22253)
(Xaosflux,230)
(Rubbish computer,646)
(Adoring nanny,419)
(Gronk Oz,114)
(.145.83.16,612)
(.253.95.133,-3)
(.103.15.190,258)
(JackintheBox,23196)
(DuncanStone23,92)
(Pigsonthewing,93)
(Tainted-wingsz,141)
(Lonelycoffeemug,226)
(04:E801:2001:2A0C:EDB6:A75A:81E:50D8,-29)
(Tbone49,7)
(Emmetfahy,251)
(0.50.244.151,64)
(5.225.80.95,43)
(InternetArchiveBot,4522)
(01:8003:34AB:3200:D494:8AE3:E0C0:FA22,2)
(Kayteigh,516)
(7.246.198.40,-10)
(Redthreadhx,108)
(Oldstone James,2)
(Buaidh,27)
(Bealtainemí,2)
(Ymblanter,1014)
(Jacona,-505)
(.219.31.112,97)
(Life of Tau,-17)
(Leschnei,2062)
(Kinkiee1,833)
(Gråbergs Gråa Sång,1992)
(BD2412,61)
(Shirebritney,359)
(8.149.108.30,-1)
(HBC AIV helperbot5,-511)
(Jonjonjohny,676)
(Hiranyawijesekara,34)
(Cyberbot I,-2354)
(Scrabble Scribble,75)
(Bennv3771,0)
(Elfabet,-15)
(InternetArchiveBot,4819)
(FERRY SYALIM,17)
(Retrieverlove,1550)
(Jason Rees,309)
(Benjichilders,61)
(01:4200:5000:FFFD:0:0:0:3,277)
(Zanoni,23)
(Ohnoitsjamie,1006)
(Randfal2,3)
(Cyberbot I,-22)
(Jamesp88,202)
(Popcornduff,-424)
(TheMoldovanRocket,626)
(Demo36710,143)
(No Great Shaker,567)
(Lonniemitchell22,-142)
(Dwkaminski,403)
(InternetArchiveBot,5035)
(Twofingered Typist,-23)
(Just plain Bill,-100)
(Lugubrious DBB,0)
(CASSIOPEIA,-70)
(Gen. Quon,214)
(Broichmore,71)
(CASSIOPEIA,4292)
(Xzinger,208)
(TiltuM,-105)
(Bus stop,346)
(JackintheBox,23153)
(CLCStudent,8821)
(Arjayay,-254)
(Ohnoitsjamie,990)
(Cydebot,-15)
(A00:23C5:B9A:6C00:6D80:2D84:8DED:99B7,18)
(CLCStudent,9739)
(NickK,627)
(JackintheBox,24077)
(.8.7.231,16)
(Gronk Oz,112)
(Scrabble Scribble,109)
(Capankajsmilyo,840)
(Abu Bakkar Siddiki (Shobuz),9)
(Elfabet,-208)
(Lonelycoffeemug,227)
(Parsecboy,827)
(8.227.189.126,23)
(Mjroots,998)
(3.100.131.97,260)
(Bogger,23)
(BU Rob13,730)
(Kaizenify,-82)
(I call the big one bitey,49)
(AdrianWikiEditor,1350)
(InternetArchiveBot,5727)
(Cydebot,92)
(LoggoL,88)
(Kayteigh,561)
(BD2412,57)
(Fylindfotberserk,75)
(AanchalBhan098,92)
(05:204:E58A:E8C9:0:0:2359:28A5,67)
(Stephencdickson,245)
(.195.195.203,152)
(01:8003:34AB:3200:D494:8AE3:E0C0:FA22,2)
(Chris troutman,275)
(WhisperToMe,2060)
(Nichole Simms,187)
(7.158.88.114,9)
(CptViraj,323)
(EmausBot,0)
(Mujinga,-1)
(CooperMorgan,56)
(WestportWiki,1888)
(Gråbergs Gråa Sång,2347)
(Kayteigh,614)
(Jacona,-903)
(Scrabble Scribble,123)
(AnomieBOT,256)
(.253.95.133,-19)
(Nicob1984,0)
(Gronk Oz,121)
(Rfl0216,287)
(Pauli133,-319)
(Dthomsen8,127)
(WilliamJE,40)
(A01:CB00:19:5C00:41D3:CDA7:80B1:9EA6,34)
(Cuprum17,13)
(Demo36710,137)
(Bkissin,169)
(Sebastian James,1022)
(Tomarzig,127)
(EmausBot,0)
(BD2412,56)
(Francoisdjvr,-8)
(01:8003:34AB:3200:D494:8AE3:E0C0:FA22,3)
(STATicVapor,1270)
(Chaheel Riens,-674)
(Quiopa,-260)
(CASSIOPEIA,4227)
(Zeecolors,728)
(Joshq1234,155)
(CASSIOPEIA,8559)
(Yodin,14)
(1.113.3.31,4)
(JackintheBox,24010)
(JackintheBox,25288)
(7.222.120.101,150)
(Cyberbot I,-22)
(EmausBot,0)
(TiltuM,-102)
(Max24,18)
(Jaywardhan009,384)
(AanchalBhan098,76)
(Gjs238,487)
(Rfl0216,284)
(AmericanAir88,426)
(1.165.194.108,-6)
(3.105.183.98,147)
(Artegia,-1)
(01:8003:34AB:3200:D494:8AE3:E0C0:FA22,4)
(EmausBot,0)
(Parsecboy,831)
(MrClog,365)
(Zanoni,23)
(Aayush anuj,0)
(Jamesp88,342)
(InternetArchiveBot,6087)
(Joshq1234,155)
(2.110.88.215,100)
(Fylindfotberserk,110)
(0.17.70.164,23)
(Gronk Oz,122)
(Rfl0216,280)
(4.254.68.135,29)
(Ohnoitsjamie,990)
(Gen. Quon,218)
(EdgarCabreraFariña,3)
(Maury Markowitz,36)
(CleburneTexan,2739)
(Jts1882,2555)
(EmausBot,0)
(Ampelius-Nisha Lim,121)
(Ahecht,7)
(Revan Ganpat Vishwakarma,0)
(.27.76.147,-79)
(NickK,619)
(01:8003:34AB:3200:D494:8AE3:E0C0:FA22,4)
(WestportWiki,2403)
(09:4053:691:3C13:B214:8BA6:9192:4AD8,32)
(GoldRingChip,-805)
(Gronk Oz,123)
(01:283:C201:78D0:86C0:EFFF:FE1C:3876,4)
(Kpwarden,541)
(Stephencdickson,245)
(Cyberbot I,-22)
(CLCStudent,9589)
(0.17.70.164,35)
(David notMD,667)
(Lugnuts,121)
(Ralph sanelope,286)
(Verbosmithie,1069)
(7.158.88.114,13)
(Magnolia677,738)
(Matt Deres,682)
(EmausBot,0)
(CLCStudent,10711)
(.253.95.133,9)
(Popcornduff,-405)
(Gjs238,496)
(3.82.227.23,97)
(Gen. Quon,240)
(OliverEastwood,3934)
(5.235.167.153,36)
(7.32.87.81,5)
(Capankajsmilyo,876)
(Rfl0216,263)
(AJ2265,-211)
(Gamaliel,33)
(MatthewHoobin,-6090)
(Lugnuts,139)
(6.221.66.18,498)
(.147.210.51,72)
(Bibhuti N Singh,142)
(.86.48.232,-23)
(.245.195.200,23)
(Fylindfotberserk,111)
(Cards84664,10)
(OliverEastwood,4976)
(Gronk Oz,124)
(Shalor (Wiki Ed),590)
(Ralph sanelope,288)
(WhisperToMe,2212)
(EmausBot,0)
(Trappist the monk,964)
(.88.24.113,-582)
(Lugubrious DBB,39)
(CLCStudent,10698)
(WilliamJE,49)
(Retrieverlove,1543)
(Quiopa,-259)
(HelSimki,1051)
(Lee Vilenski,978)
(05:204:E58A:E8C9:0:0:2359:28A5,94)
(ImSonyR9,418)
(Kayteigh,666)
(JackintheBox,25241)
(Fylindfotberserk,110)
(LouisAlain,2197)
(InternetArchiveBot,6260)
(CLCStudent,11642)
(2.206.33.18,0)
(EmausBot,0)
(Demo36710,144)
(01:8003:34AB:3200:D494:8AE3:E0C0:FA22,4)
(1.249.83.116,43)
(Buaidh,211)
(Redthreadhx,125)
(No Great Shaker,535)
(Bkissin,243)
(Maury Markowitz,25)
(Rfl0216,281)
(AbhiGowthi,34)
(1.177.72.39,24)
(PackMecEng,365)
(OliverEastwood,4940)
(4.74.86.98,87)
(.253.95.133,12)
(King George Blueberry Puff,138)
(A02:C7F:21E:3800:9803:5C1B:DADE:C3E4,58)
(WhisperToMe,2208)
(Begoon,30)
(OliverEastwood,5971)
(Sebastian James,1022)
(Aayush anuj,0)
(01:8003:34AB:3200:D494:8AE3:E0C0:FA22,4)
(A00:1028:9190:A89A:690C:2735:5AF9:DC7C,-21)
(JackintheBox,25240)
(Palella,-264)
(Kinkiee1,1231)
(.103.15.190,647)
(CLCStudent,11655)
(Gronk Oz,125)
(.123.125.65,95)
(Buaidh,395)
(Penguin7812,382)
(Rfl0216,292)
(AidenD,4)
(Centrum Edukacja,721)
(CLCStudent,10711)
(03:3005:A03:3A00:C2C:8BE:F21C:CE69,-6)
(ListeriaBot,15976)
(Cards84664,15)
(Gronk Oz,119)
(.253.95.133,12)
(Parsecboy,835)
(Ghangster5,478)
(Jamgoodman,588)
(CASSIOPEIA,8798)
(Gjs238,395)
(Gablinanish,271)
(CASSIOPEIA,13268)
(Fettlemap,-1)
(01:8003:34AB:3200:D494:8AE3:E0C0:FA22,4)
(Sitush,1576)
(OliverEastwood,6553)
(Buaidh,531)
(Narky Blert,142)
(Wayne aus,-231)
(TeriEmbrey,114)
(Terrence Dewar,1768)
(JackintheBox,25182)
(Doremo,658)
(Dthomsen8,123)
(Ashmoo,-37)
(Maury Markowitz,77)
(SiefkinDR,-238)
(WilliamJE,-5)
(Kayteigh,730)
(00:8800:2D00:9130:D0C4:64AD:3406:82F7,3148)
(Starship.paint,1106)
(JackintheBox,26443)
(09:4064:59E:47F5:E0BE:FB7E:2709:3B83,-2)
(OliverEastwood,7750)
(JamesPCadman,0)
(LoggoL,98)
(.243.2.93,2)
(JOEKELLY10,265)
(Rhododendrites,325)
(Rhododendrites,1190)
(2.95.148.250,203)
(Rhododendrites,2203)
(GoldRingChip,-790)
(JackintheBox,26369)
(Guynlgbch,75)
(Triggerbit,1223)
(MensanDeltiologist,-3)
(Bus stop,538)
(JackintheBox,27273)
(9.18.40.218,83)
(Ivanvector,1177)
(William - TP ICAP,1037)
(Jmar67,188)
(LoggoL,103)
(Gronk Oz,117)
(Bohemian Baltimore,-2066)
(Aayush anuj,-72)
(Fayenatic london,240)
(2.204.244.39,0)
(Ashmoo,-57)
(Dthomsen8,159)
(FERRY SYALIM,17)
(Demo36710,144)
(ListeriaBot,16250)
(Fernakapan,205)
(Иван Андреевский,44)
(PCock,6601)
(Ivanvector,1179)
(Gog the Mild,21)
(6.76.20.104,23)
(Triggerbit,1223)
(Kpwarden,537)
(01:8003:34AB:3200:D494:8AE3:E0C0:FA22,4)
(Parsecboy,839)
(0.188.34.128,216)
(.91.204.11,37)
(Lugubrious DBB,39)
(6.101.223.130,0)
(.132.24.82,-555)
(Gjs238,397)
(Marc Lacoste,191)
(JackintheBox,27239)
(Lazypub,75)
(.27.66.110,3)
(MensanDeltiologist,-6)
(Doug Weller,1494)
(TheDoDahMan,-11)
