(Chiomanuba,18)
(Gwrandewch,435)
(7.218.62.254,23)
(ResourceMaverick,243)
(Yamaguchi先生,41)
(Xorkl000,0)
(Jerrytheman9,-403)
(A00:23C6:6A85:6B00:8DB9:5369:3E:5D10,-10)
(06:A000:FC11:7400:D1D8:4735:8652:BE74,-7)
(The Ozzy Mandias,-28)
(Scott Taylor 23,33)
(A00:23C4:F48C:2900:3D0F:11D:861:FB89,17)
(Jameboy,-1)
(Chiomanuba,247)
(4.69.129.82,52)
(佳峰,-4)
(Bmclaughlin9,287)
(Boud,13)
(Mattythewhite,-139)
(InternetArchiveBot,248)
(.243.225.246,39)
(Dozed Off,1)
(.13.91.223,400)
(Evr89,312)
(Philafrenzy,55)
(01:3C0:4100:786F:214F:4E:A1DE:636B,234)
(Erin my Erin,301)
(ZarhanFastfire,-22)
(Hammersoft,-90)
(Neptune's Trident,113)
(MyRhinestonesBringAllTheBoysToTheYard,-4)
(8.31.246.20,0)
(Sionk,0)
(Boud,15)
(01:182:CA00:EA1D:C87A:2705:1424:643D,71)
(KingSkyLord,2)
(.223.205.240,10)
(.193.5.148,3)
(Louiemantia,2)
(Boud,17)
(Jooojay,201)
(George 1861,0)
(Richhoncho,12)
(Dl2000,22)
(Nyttend,622)
(.185.156.71,0)
(Sadies Plants,-11)
(.78.177.18,20)
(8.150.75.100,303)
(Tedickey,-2)
(ئارام بکر,92)
(JonStein89,204)
(Ceosad,16)
(03:DB:73C7:900:E005:D35C:C22:7197,-1561)
(Amberrock,646)
(.3.155.166,0)
(Timothymarcc,-4)
(Pegship,-2)
(07:FEA8:6060:25E5:7199:2038:3177:4C16,0)
(Debasishdude,0)
(*Treker,-10)
(Neptune's Trident,114)
(CarciaNullius,2030)
(Fanoflionking,12)
(Duncan.Hull,354)
(Edwardx,17)
(KINGFEDORQc,171)
(TAnthony,2)
(TAnthony,12)
(Dddenilson,1)
(Marghoob2018,457)
(.143.76.89,325)
(MauraWen,229)
(Trappist the monk,-3)
(Lorick7,1)
(Lord Cornwallis,33)
(8.35.87.208,2)
(Drive765,0)
(Lhts120,125)
(Doug butler,-719)
(.5.88.201,677)
(4.148.92.46,-7)
(AaqibAnjum,-23)
(.13.103.32,-2)
(Trappist the monk,-6)
(Edwardx,54)
(Imzadi1979,14)
(Spicemix,2)
(Wareno,675)
(Sadies Plants,-3)
(Platinum021,34)
(Lord Cornwallis,56)
(.132.233.189,198)
(Babspage,-28)
(TAnthony,13)
(.152.108.230,12)
(Tay87,0)
(JonStein89,218)
(Dozed Off,38)
(Cloudormouse,-31)
(Kind Tennis Fan,8)
(3.233.176.228,0)
(Alivardi,-1)
(Magnolia677,-410)
(Leseana X. Charles,30)
(Rusf10,1056)
(Pegship,-4)
(3.202.246.167,-89)
(Akrasia25,4)
(Llywrch,4)
(Northwest,3)
(Cactus.man,-53)
(DrChuck68,71)
(Raidenator,-64)
(DagosNavy,422)
(6.81.81.81,865)
(Bokmanrocks01,0)
(TAnthony,21)
(Frietjes,-339)
(JohnThorne,-22)
(An Errant Knight,2)
(FayyadAllhassan,-14)
(Nick Number,42)
(9.62.82.170,31)
(Edwardx,63)
(.126.107.18,-15)
(Pigsonthewing,51)
(Thnidu,21)
(8.11.5.119,12)
(PeterNSteinmetz,164)
(A02:A03F:3E87:8000:659D:ACB9:955:A0AB,149)
(Luke Stark 96,0)
(Swampyank,9)
(Lord Cornwallis,57)
(00:1700:A000:B1A0:BC62:3E79:B142:672A,9)
(Mattythewhite,-181)
(TAnthony,31)
(Mattythewhite,900)
(Keith D,1)
(Frosted Hyena,2)
(Ceosad,21)
(Neptune's Trident,114)
(Kubaski,1)
(Edwardx,80)
(Alienautic,0)
(AtticusX,-47)
(Imzadi1979,-15)
(Diannaa,-3147)
(Das osmnezz,5955)
(Aria1561,-8)
(.45.12.221,-36)
(El C,-12)
(JohnThorne,-38)
(An Errant Knight,4)
(Edwardx,117)
(Platinum021,25)
(.215.139.235,63)
(Fodbold-fan,800)
(3.202.246.167,-98)
(Trappist the monk,-16)
(IanDBeacon,265)
(Platinum021,59)
(Thnidu,16)
(Gilliam,-497)
(Pigsonthewing,281)
(Umti,123)
(2.215.220.104,38)
(1.211.253.130,1)
(TAnthony,52)
(SunCrow,133)
(Tvfilmmusicfan,20)
(Richhoncho,52)
(5.111.49.7,238)
(Edwardx,154)
(Dl2000,20)
(Frietjes,-1217)
(.78.177.18,60)
(Tom94022,-632)
(Pegship,-9)
(Mattythewhite,1188)
(DumbBOT,-4165)
(Platinum021,270)
(Spicemix,2)
(AlsoWukai,-16)
(Curero,9)
(A02:8071:BB1:7100:D0A6:D658:4847:2023,-4)
(Lord Cornwallis,85)
(Mr Hall of England,2)
(Sesamehoneytart,165)
(TAnthony,43)
(Ceosad,46)
(3.233.176.228,-2)
(.185.156.71,43)
(ListeriaBot,0)
(Bearcat,433)
(Rosiestep,46)
(Dl2000,46)
(Dank,-1)
(5.232.255.163,-13)
(TAnthony,44)
(Cleopatran Apocalypse,12)
(Obenritter,322)
(*Treker,43)
(Dhtwiki,-42)
(Mattythewhite,3621)
(Edwardx,136)
(TAnthony,54)
(Mojtaba2361,1)
(Attack Ramon,440)
(Dozed Off,93)
(Blackguard SF,878)
(Fodbold-fan,797)
(Pigsonthewing,281)
(An Errant Knight,7)
(Kerry Raymond,5)
(Sable232,8)
(thPennVols,198)
(SunCrow,78)
(TAnthony,32)
(.70.40.53,205)
(El C,240)
(Gilliam,-201)
(Rockycrab,-2)
(Dozed Off,134)
(.0.19.233,1)
(.16.54.170,-1)
(Rosiestep,101)
(Das osmnezz,6004)
(Richhoncho,63)
(A.S. Brown,-2)
(FlowerMikano,74)
(Keivan.f,-55)
(.78.177.18,115)
(TAnthony,42)
(Mattythewhite,3629)
(AvicBot,-26)
(Aron Manning,308)
(Oknazevad,-64)
(Swampyank,221)
(Bbl45c,-2)
(Magnolia677,-541)
(HistoryofIran,189)
(Keith D,25)
(Dl2000,76)
(DGerman,451)
(5.111.49.7,476)
(TAnthony,-15)
(.123.112.50,53)
(Lauraacusterwhite,2592)
(Ceosad,105)
(A02:C7F:489C:A800:B1C5:50E0:858D:D0A0,221)
(ForrestLucasFilms,61)
(SunCrow,79)
(Spicemix,0)
(00:1700:9660:5170:C84:3248:8D6E:7341,14)
(Wgolf,40)
(Hakim ashfaq,19)
(Leseana X. Charles,93)
(HistoryofIran,189)
(An Errant Knight,-43)
(Bayle Shanks,-3668)
(.114.37.164,-1)
(Crowsus,54)
(InternetArchiveBot,592)
(Dddenilson,220)
(3.187.61.184,-2)
(1.206.46.61,4221)
(Axis89,100)
(9.123.155.86,372)
(JMyrleFuller,801)
(3.152.248.149,-3882)
(.143.76.89,262)
(Sophiajoanne,0)
(.95.140.102,31)
(Dl2000,104)
(ZLEA,1267)
(Gilliam,-203)
(6.181.81.63,36)
(An Errant Knight,-42)
(Helper201,49)
(Allforrous,42)
(Lord Cornwallis,264)
(Gilliam,733)
(5.111.49.7,455)
(Dl2000,99)
(Amalthea (bot),0)
(Tainted-wingsz,185)
(Cyberbot I,-335)
(04:6000:AB4C:3600:24A8:3B30:36A0:7DA1,6)
(Doomtomb,6)
(Ceosad,163)
(Magnolia677,1570)
(NDN NoName,579)
(thPennVols,160)
(Jgcascade,-19)
(Born2cycle,838)
(Asclepias,-280)
(El C,-1827)
(An Errant Knight,-41)
(.123.112.50,52)
(Rosiestep,193)
(Dozed Off,171)
(00:8804:8440:E07:3860:E137:7F58:F32C,-1)
(DrChuck68,75)
(Lommaren,17)
(4.95.202.157,172)
(DPL bot,0)
(.78.177.18,120)
(Avidohioan,148)
(Pegship,-32)
(Mlaffs,-43)
(PeterNSteinmetz,165)
(Huldra,330)
(DatBot,0)
(JimmyBlackwing,-4)
(Rivanvx,8)
(Dddenilson,294)
(1.156.178.228,-1)
(Sesamehoneytart,271)
(Thnidu,49)
(07:F140:6000:2:5517:5DA9:F6E7:E225,300)
